# run test with python3 -m doctest -v ./tests/3-say_my_name.txt

Import function
>>> say_my_name = __import__('3-say_my_name').say_my_name


Test valid string arguments:
>>> say_my_name("Walter", "White")
My name is Walter White

>>> say_my_name("Bob") #doctest: +ELLIPSIS
My name is Bob 

Test invalid arguments:
>>> say_my_name(10, "x")
Traceback (most recent call last):
...
TypeError: first_name must be a string

>>> say_my_name("John", 9)
Traceback (most recent call last):
...
TypeError: last_name must be a string

Test more than 2 arguments:
>>> say_my_name("0", "0", "0")
Traceback (most recent call last):
...
TypeError: say_my_name() takes from 1 to 2 positional arguments but 3 were given

Test no arguments
>>> say_my_name()
Traceback (most recent call last):
...
TypeError: say_my_name() missing 1 required positional argument: 'first_name'

>>> say_my_name(None)
Traceback (most recent call last):
...
TypeError: first_name must be a string
